CallKit/build/outputs/logs/manifest-merger-debug-report.txt
-- Merging decision tree log ---
manifest
ADDED from src\main\AndroidManifest.xml:1:1-61:12
INJECTED from src\main\AndroidManifest.xml:1:1-61:12
INJECTED from src\main\AndroidManifest.xml:1:1-61:12
INJECTED from src\main\AndroidManifest.xml:1:1-61:12
INJECTED from src\main\AndroidManifest.xml:1:1-61:12
INJECTED from src\main\AndroidManifest.xml:1:1-61:12
INJECTED from src\main\AndroidManifest.xml:1:1-61:12
	package
		ADDED from src\main\AndroidManifest.xml:3:11-36
		INJECTED from src\main\AndroidManifest.xml
		INJECTED from src\main\AndroidManifest.xml
	android:versionName
		INJECTED from src\main\AndroidManifest.xml
		ADDED from src\main\AndroidManifest.xml:1:1-61:12
		INJECTED from src\main\AndroidManifest.xml
	xmlns:tools
		ADDED from src\main\AndroidManifest.xml:2:11-57
	android:versionCode
		INJECTED from src\main\AndroidManifest.xml
		ADDED from src\main\AndroidManifest.xml:1:1-61:12
		INJECTED from src\main\AndroidManifest.xml
	xmlns:android
		ADDED from src\main\AndroidManifest.xml:1:11-69
uses-sdk
ADDED from src\main\AndroidManifest.xml:5:5-7:41
INJECTED from src\main\AndroidManifest.xml:5:5-7:41
INJECTED from src\main\AndroidManifest.xml:5:5-7:41
INJECTED from src\main\AndroidManifest.xml:5:5-7:41
INJECTED from src\main\AndroidManifest.xml:5:5-7:41
	android:targetSdkVersion
		ADDED from src\main\AndroidManifest.xml:7:9-38
		INJECTED from src\main\AndroidManifest.xml
		INJECTED from src\main\AndroidManifest.xml
	android:minSdkVersion
		ADDED from src\main\AndroidManifest.xml:6:9-35
		INJECTED from src\main\AndroidManifest.xml
		INJECTED from src\main\AndroidManifest.xml
uses-permission#android.permission.PROCESS_OUTGOING_CALLS
ADDED from src\main\AndroidManifest.xml:9:5-81
	android:name
		ADDED from src\main\AndroidManifest.xml:9:22-78
uses-permission#android.permission.INTERACT_ACROSS_USERS_FULL
ADDED from src\main\AndroidManifest.xml:10:5-11:59
	tools:ignore
		ADDED from src\main\AndroidManifest.xml:11:22-57
	android:name
		ADDED from src\main\AndroidManifest.xml:10:22-82
uses-permission#android.permission.SYSTEM_ALERT_WINDOW
ADDED from src\main\AndroidManifest.xml:12:5-78
	android:name
		ADDED from src\main\AndroidManifest.xml:12:22-75
application
ADDED from src\main\AndroidManifest.xml:14:5-59:19
activity#io.rong.callkit.MultiVideoCallActivity
ADDED from src\main\AndroidManifest.xml:16:9-26:20
	android:screenOrientation
		ADDED from src\main\AndroidManifest.xml:19:13-49
	android:launchMode
		ADDED from src\main\AndroidManifest.xml:18:13-43
	android:windowSoftInputMode
		ADDED from src\main\AndroidManifest.xml:20:13-67
	android:exported
		ADDED from src\main\AndroidManifest.xml:21:13-36
	android:name
		ADDED from src\main\AndroidManifest.xml:17:13-51
intent-filter#action:name:io.rong.intent.action.voip.MULTIVIDEO+category:name:android.intent.category.DEFAULT
ADDED from src\main\AndroidManifest.xml:22:13-25:29
action#io.rong.intent.action.voip.MULTIVIDEO
ADDED from src\main\AndroidManifest.xml:23:17-80
	android:name
		ADDED from src\main\AndroidManifest.xml:23:25-77
category#android.intent.category.DEFAULT
ADDED from src\main\AndroidManifest.xml:24:17-76
	android:name
		ADDED from src\main\AndroidManifest.xml:24:27-73
activity#io.rong.callkit.SingleCallActivity
ADDED from src\main\AndroidManifest.xml:28:9-42:20
	android:screenOrientation
		ADDED from src\main\AndroidManifest.xml:31:13-49
	android:launchMode
		ADDED from src\main\AndroidManifest.xml:30:13-43
	android:windowSoftInputMode
		ADDED from src\main\AndroidManifest.xml:32:13-67
	android:exported
		ADDED from src\main\AndroidManifest.xml:33:13-36
	android:name
		ADDED from src\main\AndroidManifest.xml:29:13-47
intent-filter#action:name:io.rong.intent.action.voip.SINGLEVIDEO+category:name:android.intent.category.DEFAULT
ADDED from src\main\AndroidManifest.xml:34:13-37:29
action#io.rong.intent.action.voip.SINGLEVIDEO
ADDED from src\main\AndroidManifest.xml:35:17-81
	android:name
		ADDED from src\main\AndroidManifest.xml:35:25-78
intent-filter#action:name:io.rong.intent.action.voip.SINGLEAUDIO+category:name:android.intent.category.DEFAULT
ADDED from src\main\AndroidManifest.xml:38:13-41:29
action#io.rong.intent.action.voip.SINGLEAUDIO
ADDED from src\main\AndroidManifest.xml:39:17-81
	android:name
		ADDED from src\main\AndroidManifest.xml:39:25-78
activity#io.rong.callkit.MultiAudioCallActivity
ADDED from src\main\AndroidManifest.xml:43:9-53:20
	android:screenOrientation
		ADDED from src\main\AndroidManifest.xml:46:13-49
	android:launchMode
		ADDED from src\main\AndroidManifest.xml:45:13-43
	android:windowSoftInputMode
		ADDED from src\main\AndroidManifest.xml:47:13-67
	android:exported
		ADDED from src\main\AndroidManifest.xml:48:13-36
	android:name
		ADDED from src\main\AndroidManifest.xml:44:13-51
intent-filter#action:name:io.rong.intent.action.voip.MULTIAUDIO+category:name:android.intent.category.DEFAULT
ADDED from src\main\AndroidManifest.xml:49:13-52:29
action#io.rong.intent.action.voip.MULTIAUDIO
ADDED from src\main\AndroidManifest.xml:50:17-80
	android:name
		ADDED from src\main\AndroidManifest.xml:50:25-77
activity#io.rong.callkit.CallSelectMemberActivity
ADDED from src\main\AndroidManifest.xml:55:9-62
	android:name
		ADDED from src\main\AndroidManifest.xml:55:19-59